<?xml version="1.0" encoding="UTF-8"?>
<!-- Generated by org.testng.reporters.JUnitXMLReporter -->
<testsuite ignored="0" hostname="LAPTOP-FAP6QC75" failures="0" tests="3" name="Test" time="99.249" errors="0" timestamp="2021-03-03T15:10:32 PST">
  <testcase classname="io.nirmata.tests.CreateCatalog" name="createCatalog" time="20.031"/>
  <testcase classname="io.nirmata.tests.CreateCatalog" name="createCatalogWithExistingName" time="16.436"/>
  <testcase classname="io.nirmata.tests.CreateCatalog" name="deleteCatalog" time="25.867"/>
</testsuite> <!-- Test -->
